GC Precious Log:
 CPUs: 8 total, 8 available
 Memory: 7883M
 Large Page Support: Disabled
 NUMA Support: Disabled
 Compressed Oops: Enabled (32-bit)
 Heap Region Size: 1M
 Heap Min Capacity: 8M
 Heap Initial Capacity: 124M
 Heap Max Capacity: 1972M
 Pre-touch: Disabled
 Parallel Workers: 8
 Concurrent Workers: 2
 Concurrent Refinement Workers: 8
 Periodic GC: Disabled
Heap:
 garbage-first heap   total 81920K, used 30939K [0x0000000084c00000, 0x0000000100000000)
  region size 1024K, 8 young (8192K), 3 survivors (3072K)
 Metaspace       used 72150K, committed 72576K, reserved 1114112K
  class space    used 8983K, committed 9216K, reserved 1048576K
GC Heap History (20 events):
Event: 5.186 GC heap before
{Heap before GC invocations=12 (full 0):
 garbage-first heap   total 58368K, used 47567K [0x0000000084c00000, 0x0000000100000000)
  region size 1024K, 39 young (39936K), 6 survivors (6144K)
 Metaspace       used 36238K, committed 36608K, reserved 1081344K
  class space    used 4119K, committed 4288K, reserved 1048576K
}
Event: 5.199 GC heap after
{Heap after GC invocations=13 (full 0):
 garbage-first heap   total 58368K, used 15875K [0x0000000084c00000, 0x0000000100000000)
  region size 1024K, 3 young (3072K), 3 survivors (3072K)
 Metaspace       used 36238K, committed 36608K, reserved 1081344K
  class space    used 4119K, committed 4288K, reserved 1048576K
}
Event: 5.202 GC heap before
{Heap before GC invocations=13 (full 0):
 garbage-first heap   total 58368K, used 15875K [0x0000000084c00000, 0x0000000100000000)
  region size 1024K, 4 young (4096K), 3 survivors (3072K)
 Metaspace       used 36238K, committed 36608K, reserved 1081344K
  class space    used 4119K, committed 4288K, reserved 1048576K
}
Event: 5.210 GC heap after
{Heap after GC invocations=14 (full 0):
 garbage-first heap   total 58368K, used 15906K [0x0000000084c00000, 0x0000000100000000)
  region size 1024K, 1 young (1024K), 1 survivors (1024K)
 Metaspace       used 36238K, committed 36608K, reserved 1081344K
  class space    used 4119K, committed 4288K, reserved 1048576K
}
Event: 5.555 GC heap before
{Heap before GC invocations=14 (full 0):
 garbage-first heap   total 58368K, used 45602K [0x0000000084c00000, 0x0000000100000000)
  region size 1024K, 31 young (31744K), 1 survivors (1024K)
 Metaspace       used 37637K, committed 37888K, reserved 1089536K
  class space    used 4307K, committed 4416K, reserved 1048576K
}
Event: 5.560 GC heap after
{Heap after GC invocations=15 (full 0):
 garbage-first heap   total 151552K, used 16343K [0x0000000084c00000, 0x0000000100000000)
  region size 1024K, 1 young (1024K), 1 survivors (1024K)
 Metaspace       used 37637K, committed 37888K, reserved 1089536K
  class space    used 4307K, committed 4416K, reserved 1048576K
}
Event: 7.066 GC heap before
{Heap before GC invocations=15 (full 0):
 garbage-first heap   total 151552K, used 105431K [0x0000000084c00000, 0x0000000100000000)
  region size 1024K, 88 young (90112K), 1 survivors (1024K)
 Metaspace       used 47893K, committed 48192K, reserved 1097728K
  class space    used 5731K, committed 5888K, reserved 1048576K
}
Event: 7.072 GC heap after
{Heap after GC invocations=16 (full 0):
 garbage-first heap   total 151552K, used 18707K [0x0000000084c00000, 0x0000000100000000)
  region size 1024K, 4 young (4096K), 4 survivors (4096K)
 Metaspace       used 47893K, committed 48192K, reserved 1097728K
  class space    used 5731K, committed 5888K, reserved 1048576K
}
Event: 8.286 GC heap before
{Heap before GC invocations=16 (full 0):
 garbage-first heap   total 151552K, used 103699K [0x0000000084c00000, 0x0000000100000000)
  region size 1024K, 88 young (90112K), 4 survivors (4096K)
 Metaspace       used 56037K, committed 56384K, reserved 1105920K
  class space    used 6943K, committed 7104K, reserved 1048576K
}
Event: 8.293 GC heap after
{Heap after GC invocations=17 (full 0):
 garbage-first heap   total 151552K, used 20800K [0x0000000084c00000, 0x0000000100000000)
  region size 1024K, 6 young (6144K), 6 survivors (6144K)
 Metaspace       used 56037K, committed 56384K, reserved 1105920K
  class space    used 6943K, committed 7104K, reserved 1048576K
}
Event: 9.196 GC heap before
{Heap before GC invocations=17 (full 0):
 garbage-first heap   total 151552K, used 72000K [0x0000000084c00000, 0x0000000100000000)
  region size 1024K, 57 young (58368K), 6 survivors (6144K)
 Metaspace       used 60143K, committed 60416K, reserved 1105920K
  class space    used 7494K, committed 7616K, reserved 1048576K
}
Event: 9.202 GC heap after
{Heap after GC invocations=18 (full 0):
 garbage-first heap   total 151552K, used 22468K [0x0000000084c00000, 0x0000000100000000)
  region size 1024K, 7 young (7168K), 7 survivors (7168K)
 Metaspace       used 60143K, committed 60416K, reserved 1105920K
  class space    used 7494K, committed 7616K, reserved 1048576K
}
Event: 10.040 GC heap before
{Heap before GC invocations=19 (full 0):
 garbage-first heap   total 81920K, used 64452K [0x0000000084c00000, 0x0000000100000000)
  region size 1024K, 48 young (49152K), 7 survivors (7168K)
 Metaspace       used 63249K, committed 63616K, reserved 1105920K
  class space    used 7941K, committed 8128K, reserved 1048576K
}
Event: 10.048 GC heap after
{Heap after GC invocations=20 (full 0):
 garbage-first heap   total 81920K, used 24866K [0x0000000084c00000, 0x0000000100000000)
  region size 1024K, 5 young (5120K), 5 survivors (5120K)
 Metaspace       used 63249K, committed 63616K, reserved 1105920K
  class space    used 7941K, committed 8128K, reserved 1048576K
}
Event: 10.059 GC heap before
{Heap before GC invocations=20 (full 0):
 garbage-first heap   total 81920K, used 25890K [0x0000000084c00000, 0x0000000100000000)
  region size 1024K, 6 young (6144K), 5 survivors (5120K)
 Metaspace       used 63319K, committed 63680K, reserved 1105920K
  class space    used 7946K, committed 8128K, reserved 1048576K
}
Event: 10.064 GC heap after
{Heap after GC invocations=21 (full 0):
 garbage-first heap   total 81920K, used 24750K [0x0000000084c00000, 0x0000000100000000)
  region size 1024K, 1 young (1024K), 1 survivors (1024K)
 Metaspace       used 63319K, committed 63680K, reserved 1105920K
  class space    used 7946K, committed 8128K, reserved 1048576K
}
Event: 16.698 GC heap before
{Heap before GC invocations=21 (full 0):
 garbage-first heap   total 81920K, used 66734K [0x0000000084c00000, 0x0000000100000000)
  region size 1024K, 42 young (43008K), 1 survivors (1024K)
 Metaspace       used 67198K, committed 67520K, reserved 1114112K
  class space    used 8431K, committed 8576K, reserved 1048576K
}
Event: 16.706 GC heap after
{Heap after GC invocations=22 (full 0):
 garbage-first heap   total 81920K, used 25855K [0x0000000084c00000, 0x0000000100000000)
  region size 1024K, 2 young (2048K), 2 survivors (2048K)
 Metaspace       used 67198K, committed 67520K, reserved 1114112K
  class space    used 8431K, committed 8576K, reserved 1048576K
}
Event: 18.385 GC heap before
{Heap before GC invocations=23 (full 0):
 garbage-first heap   total 81920K, used 66815K [0x0000000084c00000, 0x0000000100000000)
  region size 1024K, 42 young (43008K), 2 survivors (2048K)
 Metaspace       used 71584K, committed 71872K, reserved 1114112K
  class space    used 8904K, committed 9024K, reserved 1048576K
}
Event: 18.392 GC heap after
{Heap after GC invocations=24 (full 0):
 garbage-first heap   total 81920K, used 26843K [0x0000000084c00000, 0x0000000100000000)
  region size 1024K, 3 young (3072K), 3 survivors (3072K)
 Metaspace       used 71584K, committed 71872K, reserved 1114112K
  class space    used 8904K, committed 9024K, reserved 1048576K
}

